DEBUG   2025-10-30 11:08:51,597 vxpy.calibration                         Load calibration file calibrations/spherical_4_channel_projection.yaml
DEBUG   2025-10-30 11:08:51,602 vxpy.core.ipc[Controller]                Set state from STATE.NA to STATE.STARTING
INFO    2025-10-30 11:08:51,796 vxpy.modules.controller                  Running vxPy 0.1.7
INFO    2025-10-30 11:08:51,954 vxpy.modules.controller                  Protocolized processes: ['Io', 'Display']
INFO    2025-10-30 11:08:52,059 vxpy.modules.controller                  Minimum sleep period is 1.490ms
INFO    2025-10-30 11:08:52,060 vxpy.modules.controller                  Timing precision on system 0.527620ms
INFO    2025-10-30 11:08:52,060 vxpy.modules.controller                  Load routine vxpy.extras.calculate_csd.CalculatePSD (load priority 1000)
DEBUG   2025-10-30 11:08:52,816 vxpy.core.routine                        Create ValueProxy for CalculatePSD.nperseg (<class 'int'>)
DEBUG   2025-10-30 11:08:52,818 vxpy.core.routine                        Create ValueProxy for CalculatePSD.process_name (<class 'str'>)
INFO    2025-10-30 11:08:52,820 vxpy.modules.controller                  Load routine vxpy.extras.camera_capture.Frames (load priority 1000)
DEBUG   2025-10-30 11:08:52,914 vxpy.core.routine                        Create ListProxy for Frames.device_list
DEBUG   2025-10-30 11:08:52,917 vxpy.core.routine                        Create DictProxy for Frames.flip_lr
DEBUG   2025-10-30 11:08:52,918 vxpy.core.routine                        Create DictProxy for Frames.flip_ud
DEBUG   2025-10-30 11:08:52,920 vxpy.core.routine                        Create ValueProxy for Frames.frame_postfix (<class 'str'>)
DEBUG   2025-10-30 11:08:52,922 vxpy.core.routine                        Create ValueProxy for Frames.process_name (<class 'str'>)
DEBUG   2025-10-30 11:08:52,925 vxpy.core.routine                        Create DictProxy for Frames.rotation
INFO    2025-10-30 11:08:53,726 vxpy.modules.controller                  Load routine vxpy.extras.display_capture.Frames (load priority 1000)
DEBUG   2025-10-30 11:08:53,728 vxpy.core.routine                        Create ValueProxy for Frames.process_name (<class 'str'>)
DEBUG   2025-10-30 11:08:53,731 vxpy.core.routine                        Create ValueProxy for Frames.downsample_by (<class 'int'>)
INFO    2025-10-30 11:08:53,798 vxpy.modules.controller                  Load routine vxpy.extras.write_test_attributes.RunCtrlLed (load priority 1000)
DEBUG   2025-10-30 11:08:53,891 vxpy.core.routine                        Create ValueProxy for RunCtrlLed.process_name (<class 'str'>)
INFO    2025-10-30 11:08:53,894 vxpy.modules.controller                  Load routine vxpy.extras.write_test_attributes.SinesAddedWhiteNoise (load priority 1000)
DEBUG   2025-10-30 11:08:53,985 vxpy.core.routine                        Create ValueProxy for SinesAddedWhiteNoise.attr_name (<class 'str'>)
DEBUG   2025-10-30 11:08:53,988 vxpy.core.routine                        Create ValueProxy for SinesAddedWhiteNoise.process_name (<class 'str'>)
DEBUG   2025-10-30 11:08:53,990 vxpy.core.routine                        Create ListProxy for SinesAddedWhiteNoise.frequencies
INFO    2025-10-30 11:08:53,996 vxpy.modules.controller                  Load routine vxpy.extras.zf_eyeposition_tracking.ZFEyeTracking (load priority 1000)
DEBUG   2025-10-30 11:08:54,087 vxpy.core.routine                        Create ValueProxy for ZFEyeTracking.ang_le_pos_prefix (<class 'str'>)
DEBUG   2025-10-30 11:08:54,090 vxpy.core.routine                        Create ValueProxy for ZFEyeTracking.ang_le_vel_prefix (<class 'str'>)
DEBUG   2025-10-30 11:08:54,093 vxpy.core.routine                        Create ValueProxy for ZFEyeTracking.ang_re_pos_prefix (<class 'str'>)
DEBUG   2025-10-30 11:08:54,095 vxpy.core.routine                        Create ValueProxy for ZFEyeTracking.ang_re_vel_prefix (<class 'str'>)
DEBUG   2025-10-30 11:08:54,097 vxpy.core.routine                        Create ValueProxy for ZFEyeTracking.binary_threshold (<class 'int'>)
DEBUG   2025-10-30 11:08:54,099 vxpy.core.routine                        Create ValueProxy for ZFEyeTracking.brightness (<class 'int'>)
DEBUG   2025-10-30 11:08:54,100 vxpy.core.routine                        Create ValueProxy for ZFEyeTracking.brightness_max (<class 'int'>)
DEBUG   2025-10-30 11:08:54,102 vxpy.core.routine                        Create ValueProxy for ZFEyeTracking.brightness_min (<class 'int'>)
DEBUG   2025-10-30 11:08:54,104 vxpy.core.routine                        Create ValueProxy for ZFEyeTracking.camera_device_id (<class 'str'>)
DEBUG   2025-10-30 11:08:54,106 vxpy.core.routine                        Create ValueProxy for ZFEyeTracking.contrast (<class 'float'>)
DEBUG   2025-10-30 11:08:54,108 vxpy.core.routine                        Create ValueProxy for ZFEyeTracking.current_roi_count (<class 'int'>)
DEBUG   2025-10-30 11:08:54,109 vxpy.core.routine                        Create ValueProxy for ZFEyeTracking.extracted_rect_prefix (<class 'str'>)
DEBUG   2025-10-30 11:08:54,111 vxpy.core.routine                        Create ValueProxy for ZFEyeTracking.flip_direction (<class 'bool'>)
DEBUG   2025-10-30 11:08:54,113 vxpy.core.routine                        Create ValueProxy for ZFEyeTracking.frame_corrected_name (<class 'str'>)
DEBUG   2025-10-30 11:08:54,115 vxpy.core.routine                        Create ValueProxy for ZFEyeTracking.frame_name (<class 'str'>)
DEBUG   2025-10-30 11:08:54,116 vxpy.core.routine                        Create ValueProxy for ZFEyeTracking.le_axes_prefix (<class 'str'>)
DEBUG   2025-10-30 11:08:54,119 vxpy.core.routine                        Create ValueProxy for ZFEyeTracking.le_sacc_direction_prefix (<class 'str'>)
DEBUG   2025-10-30 11:08:54,120 vxpy.core.routine                        Create ValueProxy for ZFEyeTracking.le_sacc_prefix (<class 'str'>)
DEBUG   2025-10-30 11:08:54,122 vxpy.core.routine                        Create ValueProxy for ZFEyeTracking.min_particle_size (<class 'int'>)
DEBUG   2025-10-30 11:08:54,124 vxpy.core.routine                        Create ValueProxy for ZFEyeTracking.process_name (<class 'str'>)
DEBUG   2025-10-30 11:08:54,126 vxpy.core.routine                        Create ValueProxy for ZFEyeTracking.re_axes_prefix (<class 'str'>)
DEBUG   2025-10-30 11:08:54,127 vxpy.core.routine                        Create ValueProxy for ZFEyeTracking.re_sacc_direction_prefix (<class 'str'>)
DEBUG   2025-10-30 11:08:54,129 vxpy.core.routine                        Create ValueProxy for ZFEyeTracking.re_sacc_prefix (<class 'str'>)
DEBUG   2025-10-30 11:08:54,131 vxpy.core.routine                        Create ListProxy for ZFEyeTracking.reference_points
DEBUG   2025-10-30 11:08:54,133 vxpy.core.routine                        Create ValueProxy for ZFEyeTracking.roi_maxnum (<class 'int'>)
DEBUG   2025-10-30 11:08:54,135 vxpy.core.routine                        Create ListProxy for ZFEyeTracking.rois
DEBUG   2025-10-30 11:08:54,137 vxpy.core.routine                        Create ValueProxy for ZFEyeTracking.routine_prefix (<class 'str'>)
DEBUG   2025-10-30 11:08:54,139 vxpy.core.routine                        Create ValueProxy for ZFEyeTracking.sacc_trigger_name (<class 'str'>)
DEBUG   2025-10-30 11:08:54,140 vxpy.core.routine                        Create ValueProxy for ZFEyeTracking.saccade_threshold (<class 'int'>)
DEBUG   2025-10-30 11:08:54,142 vxpy.core.routine                        Create ValueProxy for ZFEyeTracking.use_image_correction (<class 'bool'>)
DEBUG   2025-10-30 11:08:54,144 vxpy.core.routine                        Create ValueProxy for ZFEyeTracking.use_motion_correction (<class 'bool'>)
INFO    2025-10-30 11:08:54,146 vxpy.core.routine                        Set roi_maxnum to 1 in routine ZFEyeTracking
INFO    2025-10-30 11:08:54,147 vxpy.core.routine                        Set min_size to 45 in routine ZFEyeTracking
DEBUG   2025-10-30 11:08:54,147 vxpy.core.routine                        Create ValueProxy for ZFEyeTracking.min_size (<class 'int'>)
INFO    2025-10-30 11:08:57,242 vxpy.modules.controller                  Start process Camera (PID: 14352)
DEBUG   2025-10-30 11:08:57,243 vxpy.core.ipc[Controller]                Set state from STATE.STARTING to STATE.IDLE
DEBUG   2025-10-30 11:08:57,432 vxpy.calibration                         Load calibration file calibrations/spherical_4_channel_projection.yaml
INFO    2025-10-30 11:08:57,436 vxpy.core.process[Camera]                Initialize routine Frames
INFO    2025-10-30 11:08:57,537 vxpy.core.attribute[Camera]              Set attribute "fish_embedded_frame" to be written to file. 
INFO    2025-10-30 11:08:57,538 vxpy.core.process[Camera]                Initialize routine ZFEyeTracking
DEBUG   2025-10-30 11:08:57,538 vxpy.core.ipc[Camera]                    Set state from STATE.NA to STATE.STARTING
DEBUG   2025-10-30 11:08:57,539 vxpy.devices.camera.virtual_camera       Open dummy camera data file
INFO    2025-10-30 11:08:57,540 vxpy.core.process[Camera]                Process started
DEBUG   2025-10-30 11:08:57,541 vxpy.core.ipc[Camera]                    Set state from STATE.STARTING to STATE.IDLE
INFO    2025-10-30 11:09:00,040 vxpy.modules.controller                  Start process Display (PID: 8548)
DEBUG   2025-10-30 11:09:00,041 vxpy.core.ipc[Controller]                Set state from STATE.IDLE to STATE.IDLE
DEBUG   2025-10-30 11:09:00,237 vxpy.calibration                         Load calibration file calibrations/spherical_4_channel_projection.yaml
INFO    2025-10-30 11:09:00,241 vxpy.core.process[Display]               Initialize routine Frames
DEBUG   2025-10-30 11:09:00,242 vxpy.core.ipc[Display]                   Set state from STATE.NA to STATE.STARTING
DEBUG   2025-10-30 11:09:00,558 vxpy.modules.display                     Set canvas position to (2560, 0)
DEBUG   2025-10-30 11:09:00,559 vxpy.modules.display                     Set canvas size to (400, 400)
INFO    2025-10-30 11:09:00,621 vxpy.core.process[Display]               Process started
DEBUG   2025-10-30 11:09:00,621 vxpy.core.ipc[Display]                   Set state from STATE.STARTING to STATE.IDLE
INFO    2025-10-30 11:09:03,239 vxpy.modules.controller                  Start process Gui (PID: 29104)
DEBUG   2025-10-30 11:09:03,240 vxpy.core.ipc[Controller]                Set state from STATE.IDLE to STATE.IDLE
DEBUG   2025-10-30 11:09:03,472 vxpy.calibration                         Load calibration file calibrations/spherical_4_channel_projection.yaml
DEBUG   2025-10-30 11:09:03,477 vxpy.core.ipc[Gui]                       Set state from STATE.NA to STATE.STARTING
WARNING 2025-10-30 11:09:03,824 vxpy.modules.gui                         Using windows windowing platform. This is untested.
DEBUG   2025-10-30 11:09:04,015 vxpy.core.process[Gui]                   Register callback RecordingWidget:RecordingWidget.show_lab_notebook in module Gui
DEBUG   2025-10-30 11:09:04,016 vxpy.core.process[Gui]                   Register callback RecordingWidget:RecordingWidget.close_lab_notebook in module Gui
DEBUG   2025-10-30 11:09:05,786 vxpy.core.process[Gui]                   Register callback PlottingWindow:PlottingWindow.add_buffer_attribute in module Gui
DEBUG   2025-10-30 11:09:05,787 vxpy.core.process[Gui]                   Register callback PlottingWindow:PlottingWindow.remove_buffer_attribute in module Gui
INFO    2025-10-30 11:09:05,806 vxpy.modules.gui                         Load UI addon vxpy.extras.camera_capture.FrameUI
INFO    2025-10-30 11:09:05,938 vxpy.modules.gui                         Load UI addon vxpy.extras.zf_eyeposition_tracking.ZFEyeTrackingUI
DEBUG   2025-10-30 11:09:06,041 matplotlib                               CACHEDIR=C:\Users\gsoto\.matplotlib
DEBUG   2025-10-30 11:09:06,048 matplotlib.font_manager                  Using fontManager instance from C:\Users\gsoto\.matplotlib\fontlist-v390.json
INFO    2025-10-30 11:09:06,487 vxpy.modules.gui                         Load UI addon vxpy.extras.display_widgets.VisualInteractor
INFO    2025-10-30 11:09:06,718 vxpy.modules.gui                         Load UI addon vxpy.extras.display_widgets.VisualStreamAddon
INFO    2025-10-30 11:09:06,794 vxpy.modules.gui                         Load UI addon vxpy.extras.calculate_csd.DisplayPSD
DEBUG   2025-10-30 11:09:06,815 vxpy.core.ipc[Gui]                       Send to modules Worker with signal SIGNAL.rpc > args: ('CalculatePSD.set_integration_window_width', 1024) > kwargs: {}
INFO    2025-10-30 11:09:06,908 vxpy.modules.controller                  Start process Io (PID: 14012)
DEBUG   2025-10-30 11:09:06,909 vxpy.core.ipc[Controller]                Set state from STATE.IDLE to STATE.IDLE
DEBUG   2025-10-30 11:09:07,096 vxpy.core.ipc[Gui]                       Send to modules Worker with signal SIGNAL.rpc > args: ('CalculatePSD.set_input_signal', 'Camera_iteration') > kwargs: {'force_overwrite': True}
INFO    2025-10-30 11:09:07,127 vxpy.core.process[Gui]                   Process started
DEBUG   2025-10-30 11:09:07,128 vxpy.core.ipc[Gui]                       Set state from STATE.STARTING to STATE.IDLE
DEBUG   2025-10-30 11:09:07,187 vxpy.calibration                         Load calibration file calibrations/spherical_4_channel_projection.yaml
INFO    2025-10-30 11:09:07,193 vxpy.core.process[Io]                    Initialize routine RunCtrlLed
INFO    2025-10-30 11:09:07,194 vxpy.core.process[Io]                    Initialize routine SinesAddedWhiteNoise
DEBUG   2025-10-30 11:09:07,196 vxpy.core.ipc[Io]                        Send to modules Gui with signal SIGNAL.rpc > args: ('PlottingWindow.add_buffer_attribute', 'test_sines_whitenoise') > kwargs: {'axis': 'Noisy signals'}
INFO    2025-10-30 11:09:07,197 vxpy.core.attribute[Io]                  Set attribute "test_sines_whitenoise" to be written to file. 
DEBUG   2025-10-30 11:09:07,197 vxpy.core.ipc[Io]                        Set state from STATE.NA to STATE.STARTING
INFO    2025-10-30 11:09:07,197 vxpy.modules.io                          Initialize VirtualDaqPin('on_off_1s_di', PINSIGTYPE.DIGITAL, PINSIGDIR.INPUT)
INFO    2025-10-30 11:09:07,198 vxpy.core.attribute[Io]                  Set attribute "di_on_off_1s_di" to be written to file. 
DEBUG   2025-10-30 11:09:07,198 vxpy.core.ipc[Io]                        Send to modules Gui with signal SIGNAL.rpc > args: ('PlottingWindow.add_buffer_attribute', 'di_on_off_1s_di') > kwargs: {'axis': 'di'}
INFO    2025-10-30 11:09:07,198 vxpy.modules.io                          Initialize VirtualDaqPin('noisy_sinewave_input', PINSIGTYPE.ANALOG, PINSIGDIR.INPUT)
INFO    2025-10-30 11:09:07,198 vxpy.core.attribute[Io]                  Set attribute "ai_noisy_sinewave_input" to be written to file. 
DEBUG   2025-10-30 11:09:07,198 vxpy.core.ipc[Io]                        Send to modules Gui with signal SIGNAL.rpc > args: ('PlottingWindow.add_buffer_attribute', 'ai_noisy_sinewave_input') > kwargs: {'axis': 'ai'}
INFO    2025-10-30 11:09:07,199 vxpy.modules.io                          Initialize VirtualDaqPin('ctrl_led', PINSIGTYPE.DIGITAL, PINSIGDIR.OUTPUT)
INFO    2025-10-30 11:09:07,199 vxpy.core.attribute[Io]                  Set attribute "do_ctrl_led" to be written to file. 
DEBUG   2025-10-30 11:09:07,199 vxpy.core.ipc[Io]                        Send to modules Gui with signal SIGNAL.rpc > args: ('PlottingWindow.add_buffer_attribute', 'do_ctrl_led') > kwargs: {'axis': 'do'}
INFO    2025-10-30 11:09:07,199 vxpy.modules.io                          Initialize VirtualDaqPin('slow_sinewave_input', PINSIGTYPE.ANALOG, PINSIGDIR.INPUT)
INFO    2025-10-30 11:09:07,200 vxpy.core.attribute[Io]                  Set attribute "ai_slow_sinewave_input" to be written to file. 
DEBUG   2025-10-30 11:09:07,200 vxpy.core.ipc[Io]                        Send to modules Gui with signal SIGNAL.rpc > args: ('PlottingWindow.add_buffer_attribute', 'ai_slow_sinewave_input') > kwargs: {'axis': 'ai'}
INFO    2025-10-30 11:09:07,200 vxpy.modules.io                          Initialize VirtualDaqPin('led_ctrl1', PINSIGTYPE.DIGITAL, PINSIGDIR.OUTPUT)
INFO    2025-10-30 11:09:07,200 vxpy.core.attribute[Io]                  Set attribute "do_led_ctrl1" to be written to file. 
DEBUG   2025-10-30 11:09:07,200 vxpy.core.ipc[Io]                        Send to modules Gui with signal SIGNAL.rpc > args: ('PlottingWindow.add_buffer_attribute', 'do_led_ctrl1') > kwargs: {'axis': 'do'}
INFO    2025-10-30 11:09:07,201 vxpy.modules.io                          Initialize VirtualDaqPin('led_ctrl2', PINSIGTYPE.DIGITAL, PINSIGDIR.OUTPUT)
INFO    2025-10-30 11:09:07,201 vxpy.core.attribute[Io]                  Set attribute "do_led_ctrl2" to be written to file. 
DEBUG   2025-10-30 11:09:07,201 vxpy.core.ipc[Io]                        Send to modules Gui with signal SIGNAL.rpc > args: ('PlottingWindow.add_buffer_attribute', 'do_led_ctrl2') > kwargs: {'axis': 'do'}
INFO    2025-10-30 11:09:07,201 vxpy.core.process[Io]                    Process started
DEBUG   2025-10-30 11:09:07,202 vxpy.core.ipc[Io]                        Set state from STATE.STARTING to STATE.IDLE
DEBUG   2025-10-30 11:09:07,252 vxpy.core.process[Gui]                   Gui received message from Io. Signal: SIGNAL.rpc, args: ('PlottingWindow.add_buffer_attribute', 'test_sines_whitenoise'), kwargs: {'axis': 'Noisy signals', '_send_verbosely': True}
DEBUG   2025-10-30 11:09:07,252 vxpy.core.process[Gui]                   Call registered callback Gui:PlottingWindow.add_buffer_attribute with args ('test_sines_whitenoise',) and kwargs {'axis': 'Noisy signals'}
DEBUG   2025-10-30 11:09:07,375 vxpy.core.process[Gui]                   Gui received message from Io. Signal: SIGNAL.rpc, args: ('PlottingWindow.add_buffer_attribute', 'di_on_off_1s_di'), kwargs: {'axis': 'di', '_send_verbosely': True}
DEBUG   2025-10-30 11:09:07,376 vxpy.core.process[Gui]                   Call registered callback Gui:PlottingWindow.add_buffer_attribute with args ('di_on_off_1s_di',) and kwargs {'axis': 'di'}
DEBUG   2025-10-30 11:09:07,503 vxpy.core.process[Gui]                   Gui received message from Io. Signal: SIGNAL.rpc, args: ('PlottingWindow.add_buffer_attribute', 'ai_noisy_sinewave_input'), kwargs: {'axis': 'ai', '_send_verbosely': True}
DEBUG   2025-10-30 11:09:07,503 vxpy.core.process[Gui]                   Call registered callback Gui:PlottingWindow.add_buffer_attribute with args ('ai_noisy_sinewave_input',) and kwargs {'axis': 'ai'}
DEBUG   2025-10-30 11:09:07,631 vxpy.core.process[Gui]                   Gui received message from Io. Signal: SIGNAL.rpc, args: ('PlottingWindow.add_buffer_attribute', 'do_ctrl_led'), kwargs: {'axis': 'do', '_send_verbosely': True}
DEBUG   2025-10-30 11:09:07,631 vxpy.core.process[Gui]                   Call registered callback Gui:PlottingWindow.add_buffer_attribute with args ('do_ctrl_led',) and kwargs {'axis': 'do'}
DEBUG   2025-10-30 11:09:07,859 vxpy.core.process[Gui]                   Gui received message from Io. Signal: SIGNAL.rpc, args: ('PlottingWindow.add_buffer_attribute', 'ai_slow_sinewave_input'), kwargs: {'axis': 'ai', '_send_verbosely': True}
DEBUG   2025-10-30 11:09:07,860 vxpy.core.process[Gui]                   Call registered callback Gui:PlottingWindow.add_buffer_attribute with args ('ai_slow_sinewave_input',) and kwargs {'axis': 'ai'}
DEBUG   2025-10-30 11:09:07,952 vxpy.core.process[Gui]                   Gui received message from Io. Signal: SIGNAL.rpc, args: ('PlottingWindow.add_buffer_attribute', 'do_led_ctrl1'), kwargs: {'axis': 'do', '_send_verbosely': True}
DEBUG   2025-10-30 11:09:07,953 vxpy.core.process[Gui]                   Call registered callback Gui:PlottingWindow.add_buffer_attribute with args ('do_led_ctrl1',) and kwargs {'axis': 'do'}
DEBUG   2025-10-30 11:09:08,038 vxpy.core.process[Gui]                   Gui received message from Io. Signal: SIGNAL.rpc, args: ('PlottingWindow.add_buffer_attribute', 'do_led_ctrl2'), kwargs: {'axis': 'do', '_send_verbosely': True}
DEBUG   2025-10-30 11:09:08,039 vxpy.core.process[Gui]                   Call registered callback Gui:PlottingWindow.add_buffer_attribute with args ('do_led_ctrl2',) and kwargs {'axis': 'do'}
INFO    2025-10-30 11:09:11,052 vxpy.modules.controller                  Start process Worker (PID: 9680)
DEBUG   2025-10-30 11:09:11,053 vxpy.core.ipc[Controller]                Set state from STATE.IDLE to STATE.IDLE
DEBUG   2025-10-30 11:09:11,054 vxpy.core.ipc[Controller]                Send to modules Gui with signal SIGNAL.rpc > args: ('PlottingWindow.add_buffer_attribute', '__record_group_id') > kwargs: {'name': 'Record group ID', 'axis': 'ID'}
INFO    2025-10-30 11:09:11,054 vxpy.core.process[Controller]            Process started
DEBUG   2025-10-30 11:09:11,054 vxpy.core.ipc[Controller]                Set state from STATE.IDLE to STATE.IDLE
DEBUG   2025-10-30 11:09:11,112 vxpy.core.process[Gui]                   Gui received message from Controller. Signal: SIGNAL.rpc, args: ('PlottingWindow.add_buffer_attribute', '__record_group_id'), kwargs: {'name': 'Record group ID', 'axis': 'ID', '_send_verbosely': True}
DEBUG   2025-10-30 11:09:11,112 vxpy.core.process[Gui]                   Call registered callback Gui:PlottingWindow.add_buffer_attribute with args ('__record_group_id',) and kwargs {'name': 'Record group ID', 'axis': 'ID'}
DEBUG   2025-10-30 11:09:11,369 vxpy.calibration                         Load calibration file calibrations/spherical_4_channel_projection.yaml
INFO    2025-10-30 11:09:11,375 vxpy.core.process[Worker]                Initialize routine CalculatePSD
DEBUG   2025-10-30 11:09:11,375 vxpy.core.process[Worker]                Register callback CalculatePSD:CalculatePSD.set_input_signal in module Worker
DEBUG   2025-10-30 11:09:11,376 vxpy.core.process[Worker]                Register callback CalculatePSD:CalculatePSD.set_integration_window_width in module Worker
DEBUG   2025-10-30 11:09:11,376 vxpy.core.ipc[Worker]                    Set state from STATE.NA to STATE.STARTING
INFO    2025-10-30 11:09:11,377 vxpy.core.process[Worker]                Process started
DEBUG   2025-10-30 11:09:11,377 vxpy.core.ipc[Worker]                    Set state from STATE.STARTING to STATE.IDLE
DEBUG   2025-10-30 11:09:11,377 vxpy.core.process[Worker]                Worker received message from Gui. Signal: SIGNAL.rpc, args: ('CalculatePSD.set_integration_window_width', 1024), kwargs: {'_send_verbosely': True}
DEBUG   2025-10-30 11:09:11,378 vxpy.core.process[Worker]                Call registered callback Worker:CalculatePSD.set_integration_window_width with args (1024,) and kwargs {}
DEBUG   2025-10-30 11:09:11,381 vxpy.core.process[Worker]                Worker received message from Gui. Signal: SIGNAL.rpc, args: ('CalculatePSD.set_input_signal', 'Camera_iteration'), kwargs: {'force_overwrite': True, '_send_verbosely': True}
DEBUG   2025-10-30 11:09:11,381 vxpy.core.process[Worker]                Call registered callback Worker:CalculatePSD.set_input_signal with args ('Camera_iteration',) and kwargs {'force_overwrite': True}
INFO    2025-10-30 11:09:11,382 vxpy.extras.calculate_csd                Set input signal in CalculatePSD to Camera_iteration.
DEBUG   2025-10-30 11:10:32,706 vxpy.core.ipc[Gui]                       Send to modules Controller with signal SIGNAL.rpc > args: ('Controller.commence_shutdown',) > kwargs: {}
DEBUG   2025-10-30 11:10:32,708 vxpy.core.process[Controller]            Controller received message from Gui. Signal: SIGNAL.rpc, args: ('Controller.commence_shutdown',), kwargs: {'_send_verbosely': True}
DEBUG   2025-10-30 11:10:32,708 vxpy.core.process[Controller]            Callback to Controller:commence_shutdown with args () and kwargs {}
DEBUG   2025-10-30 11:10:32,709 vxpy.modules.controller                  Shutdown requested. Checking.
DEBUG   2025-10-30 11:10:32,710 vxpy.modules.controller                  Shut down processes
DEBUG   2025-10-30 11:10:32,711 vxpy.core.ipc[Controller]                Set state from STATE.IDLE to STATE.SHUTDOWN
DEBUG   2025-10-30 11:10:32,714 vxpy.core.ipc[Io]                        Set state from STATE.IDLE to STATE.STOPPED
DEBUG   2025-10-30 11:10:32,714 vxpy.core.ipc[Display]                   Set state from STATE.IDLE to STATE.STOPPED
DEBUG   2025-10-30 11:10:32,717 vxpy.core.ipc[Camera]                    Set state from STATE.IDLE to STATE.STOPPED
DEBUG   2025-10-30 11:10:32,718 vxpy.core.ipc[Worker]                    Set state from STATE.IDLE to STATE.STOPPED
DEBUG   2025-10-30 11:10:32,721 vxpy.core.ipc[Gui]                       Send to modules Controller with signal SIGNAL.rpc > args: ('Controller.commence_shutdown',) > kwargs: {}
DEBUG   2025-10-30 11:10:32,721 vxpy.core.ipc[Gui]                       Set state from STATE.IDLE to STATE.STOPPED
